A D/FirePHPCore////
A D/ajaxlib////
A D/cas////
A D/fonts////
A D/fpdf////
A D/gallery////
A D/gradebook////
A D/htmlparser////
A D/ipatlas////
A D/json////
A D/libcurlemu////
A D/magpie////
A D/nusoap////
A D/pclzip////
A D/phpflickr////
A D/phpxml////
A D/rte////
A D/snoopy////
A D/soap////
A D/speller////
R D/speller////
R D/soap////
R D/snoopy////
R D/rte////
R D/phpxml////
R D/phpflickr////
R D/pclzip////
R D/nusoap////
R D/magpie////
R D/libcurlemu////
R D/json////
R D/ipatlas////
R D/htmlparser////
R D/gradebook////
R D/gallery////
R D/fpdf////
R D/fonts////
R D/cas////
R D/ajaxlib////
R D/FirePHPCore////
