A D/XHTML_CSS_UH////
A D/brightretro////
A D/chameleon////
A D/clouds////
A D/colors////
A D/cordoroyblue////
A D/cornflower////
A D/custom_corners////
A D/experiment////
A D/formal_white////
A D/garden////
A D/leatherbound////
A D/lines////
A D/metal////
A D/nonzero////
A D/oceanblue////
A D/orangewhite////
A D/orangewhitepda////
A D/poweraid////
A D/standardblue////
A D/standardgreen////
A D/standardlogo////
A D/standardred////
A D/standardwhite////
A D/standardxhtml////
A D/standardxhtml_UH_in_progress////
A D/wood////
R D/wood////
R D/standardxhtml_UH_in_progress////
R D/standardxhtml////
R D/standardwhite////
R D/standardred////
R D/standardlogo////
R D/standardgreen////
R D/standardblue////
R D/poweraid////
R D/orangewhitepda////
R D/orangewhite////
R D/oceanblue////
R D/metal////
R D/lines////
R D/garden////
R D/formal_white////
R D/experiment////
R D/custom_corners////
R D/cornflower////
R D/cordoroyblue////
R D/colors////
R D/clouds////
R D/chameleon////
R D/brightretro////
R D/XHTML_CSS_UH////
