A D/2.8.0r4////
A D/3.0.0////
A D/3.1.0////
A D/animation////
A D/assets////
A D/autocomplete////
A D/base////
A D/button////
A D/calendar////
A D/carousel////
A D/charts////
A D/colorpicker////
A D/connection////
A D/container////
A D/cookie////
A D/datasource////
A D/datatable////
A D/dom////
A D/dragdrop////
A D/editor////
A D/element////
A D/event////
A D/fonts////
A D/get////
A D/grids////
A D/history////
A D/imagecropper////
A D/imageloader////
A D/json////
A D/layout////
A D/logger////
A D/menu////
A D/paginator////
A D/profiler////
A D/profilerviewer////
A D/reset////
A D/reset-fonts////
A D/reset-fonts-grids////
A D/resize////
A D/selector////
A D/slider////
A D/stylesheet////
A D/tabview////
A D/treeview////
A D/uploader////
A D/utilities////
A D/yahoo////
A D/yahoo-dom-event////
A D/yuiloader////
A D/yuiloader-dom-event////
A D/yuitest////
R D/yuitest////
R D/yuiloader-dom-event////
R D/yuiloader////
R D/yahoo-dom-event////
R D/yahoo////
R D/utilities////
R D/uploader////
R D/treeview////
R D/tabview////
R D/stylesheet////
R D/slider////
R D/selector////
R D/resize////
R D/reset-fonts-grids////
R D/reset-fonts////
R D/reset////
R D/profilerviewer////
R D/profiler////
R D/paginator////
R D/menu////
R D/logger////
R D/layout////
R D/json////
R D/imageloader////
R D/imagecropper////
R D/history////
R D/grids////
R D/get////
R D/fonts////
R D/event////
R D/element////
R D/editor////
R D/dragdrop////
R D/dom////
R D/datatable////
R D/datasource////
R D/cookie////
R D/container////
R D/connection////
R D/colorpicker////
R D/charts////
R D/carousel////
R D/calendar////
R D/button////
R D/base////
R D/autocomplete////
R D/assets////
R D/animation////
R D/3.1.0////
R D/3.0.0////
R D/2.8.0r4////
