A D/admin////
A D/admin_2////
A D/admin_tree////
A D/ajax_marking////
A D/blog_externals////
A D/db////
A D/exabis_student_review////
A D/global_navigation_tree////
A D/mrcutejr////
A D/new_forum_replies////
A D/settings_navigation_tree////
A D/tree_test////
R D/tree_test////
R D/settings_navigation_tree////
R D/new_forum_replies////
R D/mrcutejr////
R D/global_navigation_tree////
R D/exabis_student_review////
R D/db////
R D/blog_externals////
R D/ajax_marking////
R D/admin_tree////
R D/admin_2////
R D/admin////
