A D/Acl////
A D/Application////
A D/Auth////
A D/Cache////
A D/Captcha////
A D/CodeGenerator////
A D/Config////
A D/Console////
A D/Controller////
A D/Crypt////
A D/Currency////
A D/Db////
A D/Dojo////
A D/Dom////
A D/Feed////
A D/File////
A D/Filter////
A D/Form////
A D/InfoCard////
A D/Json////
A D/Layout////
A D/Ldap////
A D/Locale////
A D/Log////
A D/Mail////
A D/Measure////
A D/Memory////
A D/Navigation////
A D/OpenId////
A D/Paginator////
A D/Pdf////
A D/ProgressBar////
A D/Queue////
A D/Reflection////
A D/Search////
A D/Session////
A D/Tag////
A D/Test////
A D/Text////
A D/TimeSync////
A D/Tool////
A D/Translate////
A D/View////
A D/Wildfire////
R D/Wildfire////
R D/View////
R D/Translate////
R D/Tool////
R D/TimeSync////
R D/Text////
R D/Test////
R D/Tag////
R D/Session////
R D/Search////
R D/Reflection////
R D/Queue////
R D/ProgressBar////
R D/Pdf////
R D/Paginator////
R D/OpenId////
R D/Navigation////
R D/Memory////
R D/Measure////
R D/Mail////
R D/Log////
R D/Locale////
R D/Ldap////
R D/Layout////
R D/Json////
R D/InfoCard////
R D/Form////
R D/Filter////
R D/File////
R D/Feed////
R D/Dom////
R D/Dojo////
R D/Db////
R D/Currency////
R D/Crypt////
R D/Controller////
R D/Console////
R D/Config////
R D/CodeGenerator////
R D/Captcha////
R D/Cache////
R D/Auth////
R D/Application////
R D/Acl////
