A D/attendance////
A D/chat////
A D/choice////
A D/completion////
A D/data////
A D/dialogue////
A D/exercise////
A D/glossary////
A D/journal////
A D/label////
A D/pgassignment////
A D/questionnaire////
A D/resource////
A D/scorm////
A D/wiki////
A D/workshop////
R D/workshop////
R D/wiki////
R D/scorm////
R D/resource////
R D/questionnaire////
R D/pgassignment////
R D/label////
R D/journal////
R D/glossary////
R D/exercise////
R D/dialogue////
R D/data////
R D/completion////
R D/choice////
R D/chat////
R D/attendance////
