A D/af_utf8////
A D/ar_utf8////
A D/ast_utf8////
A D/be_utf8////
A D/bg_utf8////
A D/bn_utf8////
A D/bs_utf8////
A D/ca_utf8////
A D/ca_utf8_old////
A D/cs_utf8////
A D/cy_utf8////
A D/da_utf8////
A D/de_du_utf8////
A D/de_utf8////
A D/dv_utf8////
A D/el_utf8////
A D/en_us_utf8////
A D/en_utf8////
A D/es_ar_utf8////
A D/es_es_utf8////
A D/es_mx_utf8////
A D/es_utf8////
A D/et_utf8////
A D/eu_utf8////
A D/fa_utf8////
A D/fi_utf8////
A D/fil_utf8////
A D/fr_ca_utf8////
A D/fr_utf8////
A D/ga_utf8////
A D/gl_utf8////
A D/gu_utf8////
A D/he_utf8////
A D/hi_utf8////
A D/hr_utf8////
A D/hu_utf8////
A D/hy_utf8////
A D/id_utf8////
A D/is_utf8////
A D/it_utf8////
A D/ja_utf8////
A D/ka_utf8////
A D/kk_utf8////
A D/km_utf8////
A D/kn_utf8////
A D/ko_utf8////
A D/la_utf8////
A D/lo_utf8////
A D/lt_utf8////
A D/lv_utf8////
A D/mi_tn_utf8////
A D/mi_wwow_utf8////
A D/mk_utf8////
A D/ml_utf8////
A D/mn_utf8////
A D/mr_utf8////
A D/ms_utf8////
A D/nl_utf8////
A D/nn_utf8////
A D/no_gr_utf8////
A D/no_utf8////
A D/pl_utf8////
A D/pt_br_utf8////
A D/pt_utf8////
A D/ro_utf8////
A D/ru_utf8////
A D/si_utf8////
A D/sk_utf8////
A D/sl_utf8////
A D/sm_utf8////
A D/so_utf8////
A D/sq_utf8////
A D/sr_cr_bo_utf8////
A D/sr_cr_utf8////
A D/sr_lt_utf8////
A D/sr_utf8////
A D/sv_utf8////
A D/ta_lk_utf8////
A D/ta_utf8////
A D/th_utf8////
A D/tl_utf8////
A D/to_utf8////
A D/tr_utf8////
A D/uk_utf8////
A D/ur_utf8////
A D/uz_utf8////
A D/vi_utf8////
A D/zh_cn_utf8////
A D/zh_tw_utf8////
A D/zu_utf8////
R D/zu_utf8////
R D/zh_tw_utf8////
R D/zh_cn_utf8////
R D/vi_utf8////
R D/uz_utf8////
R D/ur_utf8////
R D/uk_utf8////
R D/tr_utf8////
R D/to_utf8////
R D/tl_utf8////
R D/th_utf8////
R D/ta_utf8////
R D/ta_lk_utf8////
R D/sv_utf8////
R D/sr_utf8////
R D/sr_lt_utf8////
R D/sr_cr_utf8////
R D/sr_cr_bo_utf8////
R D/sq_utf8////
R D/so_utf8////
R D/sm_utf8////
R D/sl_utf8////
R D/sk_utf8////
R D/si_utf8////
R D/ru_utf8////
R D/ro_utf8////
R D/pt_utf8////
R D/pt_br_utf8////
R D/pl_utf8////
R D/no_utf8////
R D/no_gr_utf8////
R D/nn_utf8////
R D/nl_utf8////
R D/ms_utf8////
R D/mr_utf8////
R D/mn_utf8////
R D/ml_utf8////
R D/mk_utf8////
R D/mi_wwow_utf8////
R D/mi_tn_utf8////
R D/lv_utf8////
R D/lt_utf8////
R D/lo_utf8////
R D/la_utf8////
R D/ko_utf8////
R D/kn_utf8////
R D/km_utf8////
R D/kk_utf8////
R D/ka_utf8////
R D/ja_utf8////
R D/it_utf8////
R D/is_utf8////
R D/id_utf8////
R D/hy_utf8////
R D/hu_utf8////
R D/hr_utf8////
R D/hi_utf8////
R D/he_utf8////
R D/gu_utf8////
R D/gl_utf8////
R D/ga_utf8////
R D/fr_utf8////
R D/fr_ca_utf8////
R D/fil_utf8////
R D/fi_utf8////
R D/fa_utf8////
R D/eu_utf8////
R D/et_utf8////
R D/es_utf8////
R D/es_mx_utf8////
R D/es_es_utf8////
R D/es_ar_utf8////
R D/en_utf8////
R D/en_us_utf8////
R D/el_utf8////
R D/dv_utf8////
R D/de_utf8////
R D/de_du_utf8////
R D/da_utf8////
R D/cy_utf8////
R D/cs_utf8////
R D/ca_utf8_old////
R D/ca_utf8////
R D/bs_utf8////
R D/bn_utf8////
R D/bg_utf8////
R D/be_utf8////
R D/ast_utf8////
R D/ar_utf8////
R D/af_utf8////
